[0804/171115:ERROR:process_info.cc(608)] range at 0xfffde000, size 0x230 fully unreadable
[0804/171138:ERROR:process_reader_win.cc(233)] ReadMemory at 0xfffde000 of 560 bytes failed: Only part of a ReadProcessMemory or WriteProcessMemory request was completed. (0x12B)
[0804/171138:ERROR:process_snapshot_win.cc(359)] ReadMemory PEB
[0804/171138:ERROR:process_reader_win.cc(233)] ReadMemory at 0x10c0000 of 64 bytes failed: Only part of a ReadProcessMemory or WriteProcessMemory request was completed. (0x12B)
[0804/171138:WARNING:pe_image_reader.cc(281)] could not read dos header from C:\Program Files (x86)\Google\Chrome\Application\chrome.exe
[0804/171138:ERROR:process_reader_win.cc(233)] ReadMemory at 0x77980000 of 64 bytes failed: Only part of a ReadProcessMemory or WriteProcessMemory request was completed. (0x12B)
[0804/171138:WARNING:pe_image_reader.cc(281)] could not read dos header from C:\Windows\SysWOW64\ntdll.dll
[0804/171138:ERROR:process_reader_win.cc(233)] ReadMemory at 0x765a0000 of 64 bytes failed: Only part of a ReadProcessMemory or WriteProcessMemory request was completed. (0x12B)
[0804/171138:WARNING:pe_image_reader.cc(281)] could not read dos header from C:\Windows\syswow64\KERNELBASE.dll
[0804/171138:ERROR:process_reader_win.cc(233)] ReadMemory at 0x754a0000 of 64 bytes failed: Only part of a ReadProcessMemory or WriteProcessMemory request was completed. (0x12B)
[0804/171138:WARNING:pe_image_reader.cc(281)] could not read dos header from C:\Windows\syswow64\kernel32.dll
[0804/171138:ERROR:process_reader_win.cc(233)] ReadMemory at 0x76870000 of 64 bytes failed: Only part of a ReadProcessMemory or WriteProcessMemory request was completed. (0x12B)
[0804/171138:WARNING:pe_image_reader.cc(281)] could not read dos header from C:\Windows\syswow64\msvcrt.dll
[0804/171138:ERROR:process_reader_win.cc(233)] ReadMemory at 0x75280000 of 64 bytes failed: Only part of a ReadProcessMemory or WriteProcessMemory request was completed. (0x12B)
[0804/171138:WARNING:pe_image_reader.cc(281)] could not read dos header from C:\Windows\syswow64\CRYPTBASE.dll
[0804/171138:ERROR:process_reader_win.cc(233)] ReadMemory at 0x75290000 of 64 bytes failed: Only part of a ReadProcessMemory or WriteProcessMemory request was completed. (0x12B)
[0804/171138:WARNING:pe_image_reader.cc(281)] could not read dos header from C:\Windows\syswow64\SspiCli.dll
[0804/171138:ERROR:process_reader_win.cc(233)] ReadMemory at 0x762d0000 of 64 bytes failed: Only part of a ReadProcessMemory or WriteProcessMemory request was completed. (0x12B)
[0804/171138:WARNING:pe_image_reader.cc(281)] could not read dos header from C:\Windows\syswow64\RPCRT4.dll
[0804/171138:ERROR:process_reader_win.cc(233)] ReadMemory at 0x760e0000 of 64 bytes failed: Only part of a ReadProcessMemory or WriteProcessMemory request was completed. (0x12B)
[0804/171138:WARNING:pe_image_reader.cc(281)] could not read dos header from C:\Windows\SysWOW64\sechost.dll
[0804/171138:ERROR:process_reader_win.cc(233)] ReadMemory at 0x753e0000 of 64 bytes failed: Only part of a ReadProcessMemory or WriteProcessMemory request was completed. (0x12B)
[0804/171138:WARNING:pe_image_reader.cc(281)] could not read dos header from C:\Windows\syswow64\ADVAPI32.dll
[0804/171138:ERROR:process_reader_win.cc(233)] ReadMemory at 0x724e0000 of 64 bytes failed: Only part of a ReadProcessMemory or WriteProcessMemory request was completed. (0x12B)
[0804/171138:WARNING:pe_image_reader.cc(281)] could not read dos header from C:\Program Files (x86)\Google\Chrome\Application\52.0.2743.116\chrome_elf.dll
[0804/171138:ERROR:process_reader_win.cc(233)] ReadMemory at 0x73b40000 of 64 bytes failed: Only part of a ReadProcessMemory or WriteProcessMemory request was completed. (0x12B)
[0804/171138:WARNING:pe_image_reader.cc(281)] could not read dos header from C:\Windows\system32\VERSION.dll
[0804/171138:ERROR:process_reader_win.cc(233)] ReadMemory at 0x764f0000 of 64 bytes failed: Only part of a ReadProcessMemory or WriteProcessMemory request was completed. (0x12B)
[0804/171138:WARNING:pe_image_reader.cc(281)] could not read dos header from C:\Windows\syswow64\USP10.dll
[0804/171138:ERROR:process_reader_win.cc(233)] ReadMemory at 0x753d0000 of 64 bytes failed: Only part of a ReadProcessMemory or WriteProcessMemory request was completed. (0x12B)
[0804/171138:WARNING:pe_image_reader.cc(281)] could not read dos header from C:\Windows\syswow64\LPK.dll
[0804/171138:ERROR:process_reader_win.cc(233)] ReadMemory at 0x76230000 of 64 bytes failed: Only part of a ReadProcessMemory or WriteProcessMemory request was completed. (0x12B)
[0804/171138:WARNING:pe_image_reader.cc(281)] could not read dos header from C:\Windows\syswow64\GDI32.dll
[0804/171138:ERROR:process_reader_win.cc(233)] ReadMemory at 0x75b20000 of 64 bytes failed: Only part of a ReadProcessMemory or WriteProcessMemory request was completed. (0x12B)
[0804/171138:WARNING:pe_image_reader.cc(281)] could not read dos header from C:\Windows\syswow64\USER32.dll
[0804/171138:ERROR:process_reader_win.cc(233)] ReadMemory at 0x73570000 of 64 bytes failed: Only part of a ReadProcessMemory or WriteProcessMemory request was completed. (0x12B)
[0804/171138:WARNING:pe_image_reader.cc(281)] could not read dos header from C:\Windows\system32\WINMM.dll
[0804/171138:ERROR:process_reader_win.cc(233)] ReadMemory at 0x755b0000 of 64 bytes failed: Only part of a ReadProcessMemory or WriteProcessMemory request was completed. (0x12B)
[0804/171138:WARNING:pe_image_reader.cc(281)] could not read dos header from C:\Windows\syswow64\profapi.dll
[0804/171138:ERROR:process_reader_win.cc(233)] ReadMemory at 0x76450000 of 64 bytes failed: Only part of a ReadProcessMemory or WriteProcessMemory request was completed. (0x12B)
[0804/171138:WARNING:pe_image_reader.cc(281)] could not read dos header from C:\Windows\syswow64\USERENV.dll
[0804/171138:ERROR:process_reader_win.cc(233)] ReadMemory at 0x73a00000 of 64 bytes failed: Only part of a ReadProcessMemory or WriteProcessMemory request was completed. (0x12B)
[0804/171138:WARNING:pe_image_reader.cc(281)] could not read dos header from C:\Windows\system32\WTSAPI32.dll
[0804/171138:ERROR:process_reader_win.cc(233)] ReadMemory at 0x740d0000 of 64 bytes failed: Only part of a ReadProcessMemory or WriteProcessMemory request was completed. (0x12B)
[0804/171138:WARNING:pe_image_reader.cc(281)] could not read dos header from C:\Windows\system32\webio.dll
[0804/171138:ERROR:process_reader_win.cc(233)] ReadMemory at 0x744c0000 of 64 bytes failed: Only part of a ReadProcessMemory or WriteProcessMemory request was completed. (0x12B)
[0804/171138:WARNING:pe_image_reader.cc(281)] could not read dos header from C:\Windows\system32\WINHTTP.dll
[0804/171138:ERROR:process_reader_win.cc(233)] ReadMemory at 0x74a80000 of 64 bytes failed: Only part of a ReadProcessMemory or WriteProcessMemory request was completed. (0x12B)
[0804/171138:WARNING:pe_image_reader.cc(281)] could not read dos header from C:\Windows\system32\api-ms-win-core-synch-l1-2-0.DLL
[0804/171138:ERROR:process_reader_win.cc(233)] ReadMemory at 0x75300000 of 64 bytes failed: Only part of a ReadProcessMemory or WriteProcessMemory request was completed. (0x12B)
[0804/171138:WARNING:pe_image_reader.cc(281)] could not read dos header from C:\Windows\syswow64\MSCTF.dll
[0804/171138:ERROR:process_reader_win.cc(233)] ReadMemory at 0x755c0000 of 64 bytes failed: Only part of a ReadProcessMemory or WriteProcessMemory request was completed. (0x12B)
[0804/171138:WARNING:pe_image_reader.cc(281)] could not read dos header from C:\Windows\system32\IMM32.DLL
[0804/171138:ERROR:process_reader_win.cc(233)] ReadMemory at 0x763f0000 of 64 bytes failed: Only part of a ReadProcessMemory or WriteProcessMemory request was completed. (0x12B)
[0804/171138:WARNING:pe_image_reader.cc(281)] could not read dos header from C:\Windows\syswow64\SHLWAPI.dll
[0804/171138:ERROR:process_reader_win.cc(233)] ReadMemory at 0x76930000 of 64 bytes failed: Only part of a ReadProcessMemory or WriteProcessMemory request was completed. (0x12B)
[0804/171138:WARNING:pe_image_reader.cc(281)] could not read dos header from C:\Windows\syswow64\SHELL32.dll
[0804/171138:ERROR:process_reader_win.cc(233)] ReadMemory at 0x762c0000 of 64 bytes failed: Only part of a ReadProcessMemory or WriteProcessMemory request was completed. (0x12B)
[0804/171138:WARNING:pe_image_reader.cc(281)] could not read dos header from C:\Windows\syswow64\PSAPI.DLL
[0804/171138:ERROR:process_reader_win.cc(233)] ReadMemory at 0x75160000 of 64 bytes failed: Only part of a ReadProcessMemory or WriteProcessMemory request was completed. (0x12B)
[0804/171138:WARNING:pe_image_reader.cc(281)] could not read dos header from C:\Windows\system32\WINSPOOL.DRV
[0804/171138:ERROR:process_reader_win.cc(233)] ReadMemory at 0x73830000 of 64 bytes failed: Only part of a ReadProcessMemory or WriteProcessMemory request was completed. (0x12B)
[0804/171138:WARNING:pe_image_reader.cc(281)] could not read dos header from C:\Windows\WinSxS\x86_microsoft.windows.common-controls_6595b64144ccf1df_6.0.7601.18837_none_41e855142bd5705d\COMCTL32.dll
[0804/171138:ERROR:process_reader_win.cc(233)] ReadMemory at 0x76470000 of 64 bytes failed: Only part of a ReadProcessMemory or WriteProcessMemory request was completed. (0x12B)
[0804/171138:WARNING:pe_image_reader.cc(281)] could not read dos header from C:\Windows\syswow64\COMDLG32.dll
[0804/171138:ERROR:process_reader_win.cc(233)] ReadMemory at 0x75f80000 of 64 bytes failed: Only part of a ReadProcessMemory or WriteProcessMemory request was completed. (0x12B)
[0804/171138:WARNING:pe_image_reader.cc(281)] could not read dos header from C:\Windows\syswow64\ole32.dll
[0804/171138:ERROR:process_reader_win.cc(233)] ReadMemory at 0x761a0000 of 64 bytes failed: Only part of a ReadProcessMemory or WriteProcessMemory request was completed. (0x12B)
[0804/171138:WARNING:pe_image_reader.cc(281)] could not read dos header from C:\Windows\syswow64\OLEAUT32.dll
[0804/171138:ERROR:process_reader_win.cc(233)] ReadMemory at 0x76920000 of 64 bytes failed: Only part of a ReadProcessMemory or WriteProcessMemory request was completed. (0x12B)
[0804/171138:WARNING:pe_image_reader.cc(281)] could not read dos header from C:\Windows\syswow64\NSI.dll
[0804/171138:ERROR:process_reader_win.cc(233)] ReadMemory at 0x75150000 of 64 bytes failed: Only part of a ReadProcessMemory or WriteProcessMemory request was completed. (0x12B)
[0804/171138:WARNING:pe_image_reader.cc(281)] could not read dos header from C:\Windows\system32\WINNSI.DLL
[0804/171138:ERROR:process_reader_win.cc(233)] ReadMemory at 0x73bb0000 of 64 bytes failed: Only part of a ReadProcessMemory or WriteProcessMemory request was completed. (0x12B)
[0804/171138:WARNING:pe_image_reader.cc(281)] could not read dos header from C:\Windows\system32\IPHLPAPI.DLL
[0804/171138:ERROR:process_reader_win.cc(233)] ReadMemory at 0x765f0000 of 64 bytes failed: Only part of a ReadProcessMemory or WriteProcessMemory request was completed. (0x12B)
[0804/171138:WARNING:pe_image_reader.cc(281)] could not read dos header from C:\Windows\syswow64\WS2_32.dll
[0804/171138:ERROR:process_reader_win.cc(233)] ReadMemory at 0x76590000 of 64 bytes failed: Only part of a ReadProcessMemory or WriteProcessMemory request was completed. (0x12B)
[0804/171138:WARNING:pe_image_reader.cc(281)] could not read dos header from C:\Windows\syswow64\MSASN1.dll
[0804/171138:ERROR:process_reader_win.cc(233)] ReadMemory at 0x75e10000 of 64 bytes failed: Only part of a ReadProcessMemory or WriteProcessMemory request was completed. (0x12B)
[0804/171138:WARNING:pe_image_reader.cc(281)] could not read dos header from C:\Windows\syswow64\CRYPT32.dll
[0804/171138:ERROR:process_reader_win.cc(233)] ReadMemory at 0x763c0000 of 64 bytes failed: Only part of a ReadProcessMemory or WriteProcessMemory request was completed. (0x12B)
[0804/171138:WARNING:pe_image_reader.cc(281)] could not read dos header from C:\Windows\syswow64\WINTRUST.dll
[0804/171138:ERROR:process_reader_win.cc(233)] ReadMemory at 0x74a30000 of 64 bytes failed: Only part of a ReadProcessMemory or WriteProcessMemory request was completed. (0x12B)
[0804/171138:WARNING:pe_image_reader.cc(281)] could not read dos header from C:\Windows\system32\Secur32.dll
[0804/171138:ERROR:process_reader_win.cc(233)] ReadMemory at 0x61540000 of 64 bytes failed: Only part of a ReadProcessMemory or WriteProcessMemory request was completed. (0x12B)
[0804/171138:WARNING:pe_image_reader.cc(281)] could not read dos header from C:\Program Files (x86)\Google\Chrome\Application\52.0.2743.116\chrome_child.dll
[0804/171138:ERROR:process_reader_win.cc(233)] ReadMemory at 0x68e90000 of 64 bytes failed: Only part of a ReadProcessMemory or WriteProcessMemory request was completed. (0x12B)
[0804/171138:WARNING:pe_image_reader.cc(281)] could not read dos header from C:\Windows\system32\dwrite.dll
[0804/171138:ERROR:process_reader_win.cc(233)] ReadMemory at 0x77a85120 of 5888 bytes failed: Only part of a ReadProcessMemory or WriteProcessMemory request was completed. (0x12B)
[0804/171138:ERROR:process_reader_win.cc(233)] ReadMemory at 0x10c0000 of 64 bytes failed: Only part of a ReadProcessMemory or WriteProcessMemory request was completed. (0x12B)
[0804/171138:WARNING:pe_image_reader.cc(281)] could not read dos header from C:\Program Files (x86)\Google\Chrome\Application\chrome.exe
[0804/171138:ERROR:process_reader_win.cc(233)] ReadMemory at 0x77980000 of 64 bytes failed: Only part of a ReadProcessMemory or WriteProcessMemory request was completed. (0x12B)
[0804/171138:WARNING:pe_image_reader.cc(281)] could not read dos header from C:\Windows\SysWOW64\ntdll.dll
[0804/171138:ERROR:process_reader_win.cc(233)] ReadMemory at 0x765a0000 of 64 bytes failed: Only part of a ReadProcessMemory or WriteProcessMemory request was completed. (0x12B)
[0804/171138:WARNING:pe_image_reader.cc(281)] could not read dos header from C:\Windows\syswow64\KERNELBASE.dll
[0804/171138:ERROR:process_reader_win.cc(233)] ReadMemory at 0x754a0000 of 64 bytes failed: Only part of a ReadProcessMemory or WriteProcessMemory request was completed. (0x12B)
[0804/171138:WARNING:pe_image_reader.cc(281)] could not read dos header from C:\Windows\syswow64\kernel32.dll
[0804/171138:ERROR:process_reader_win.cc(233)] ReadMemory at 0x76870000 of 64 bytes failed: Only part of a ReadProcessMemory or WriteProcessMemory request was completed. (0x12B)
[0804/171138:WARNING:pe_image_reader.cc(281)] could not read dos header from C:\Windows\syswow64\msvcrt.dll
[0804/171138:ERROR:process_reader_win.cc(233)] ReadMemory at 0x75280000 of 64 bytes failed: Only part of a ReadProcessMemory or WriteProcessMemory request was completed. (0x12B)
[0804/171138:WARNING:pe_image_reader.cc(281)] could not read dos header from C:\Windows\syswow64\CRYPTBASE.dll
[0804/171138:ERROR:process_reader_win.cc(233)] ReadMemory at 0x75290000 of 64 bytes failed: Only part of a ReadProcessMemory or WriteProcessMemory request was completed. (0x12B)
[0804/171138:WARNING:pe_image_reader.cc(281)] could not read dos header from C:\Windows\syswow64\SspiCli.dll
[0804/171138:ERROR:process_reader_win.cc(233)] ReadMemory at 0x762d0000 of 64 bytes failed: Only part of a ReadProcessMemory or WriteProcessMemory request was completed. (0x12B)
[0804/171138:WARNING:pe_image_reader.cc(281)] could not read dos header from C:\Windows\syswow64\RPCRT4.dll
[0804/171138:ERROR:process_reader_win.cc(233)] ReadMemory at 0x760e0000 of 64 bytes failed: Only part of a ReadProcessMemory or WriteProcessMemory request was completed. (0x12B)
[0804/171138:WARNING:pe_image_reader.cc(281)] could not read dos header from C:\Windows\SysWOW64\sechost.dll
[0804/171138:ERROR:process_reader_win.cc(233)] ReadMemory at 0x753e0000 of 64 bytes failed: Only part of a ReadProcessMemory or WriteProcessMemory request was completed. (0x12B)
[0804/171138:WARNING:pe_image_reader.cc(281)] could not read dos header from C:\Windows\syswow64\ADVAPI32.dll
[0804/171138:ERROR:process_reader_win.cc(233)] ReadMemory at 0x724e0000 of 64 bytes failed: Only part of a ReadProcessMemory or WriteProcessMemory request was completed. (0x12B)
[0804/171138:WARNING:pe_image_reader.cc(281)] could not read dos header from C:\Program Files (x86)\Google\Chrome\Application\52.0.2743.116\chrome_elf.dll
[0804/171138:ERROR:process_reader_win.cc(233)] ReadMemory at 0x73b40000 of 64 bytes failed: Only part of a ReadProcessMemory or WriteProcessMemory request was completed. (0x12B)
[0804/171138:WARNING:pe_image_reader.cc(281)] could not read dos header from C:\Windows\system32\VERSION.dll
[0804/171138:ERROR:process_reader_win.cc(233)] ReadMemory at 0x764f0000 of 64 bytes failed: Only part of a ReadProcessMemory or WriteProcessMemory request was completed. (0x12B)
[0804/171138:WARNING:pe_image_reader.cc(281)] could not read dos header from C:\Windows\syswow64\USP10.dll
[0804/171138:ERROR:process_reader_win.cc(233)] ReadMemory at 0x753d0000 of 64 bytes failed: Only part of a ReadProcessMemory or WriteProcessMemory request was completed. (0x12B)
[0804/171138:WARNING:pe_image_reader.cc(281)] could not read dos header from C:\Windows\syswow64\LPK.dll
[0804/171138:ERROR:process_reader_win.cc(233)] ReadMemory at 0x76230000 of 64 bytes failed: Only part of a ReadProcessMemory or WriteProcessMemory request was completed. (0x12B)
[0804/171138:WARNING:pe_image_reader.cc(281)] could not read dos header from C:\Windows\syswow64\GDI32.dll
[0804/171138:ERROR:process_reader_win.cc(233)] ReadMemory at 0x75b20000 of 64 bytes failed: Only part of a ReadProcessMemory or WriteProcessMemory request was completed. (0x12B)
[0804/171138:WARNING:pe_image_reader.cc(281)] could not read dos header from C:\Windows\syswow64\USER32.dll
[0804/171138:ERROR:process_reader_win.cc(233)] ReadMemory at 0x73570000 of 64 bytes failed: Only part of a ReadProcessMemory or WriteProcessMemory request was completed. (0x12B)
[0804/171138:WARNING:pe_image_reader.cc(281)] could not read dos header from C:\Windows\system32\WINMM.dll
[0804/171138:ERROR:process_reader_win.cc(233)] ReadMemory at 0x755b0000 of 64 bytes failed: Only part of a ReadProcessMemory or WriteProcessMemory request was completed. (0x12B)
[0804/171138:WARNING:pe_image_reader.cc(281)] could not read dos header from C:\Windows\syswow64\profapi.dll
[0804/171138:ERROR:process_reader_win.cc(233)] ReadMemory at 0x76450000 of 64 bytes failed: Only part of a ReadProcessMemory or WriteProcessMemory request was completed. (0x12B)
[0804/171138:WARNING:pe_image_reader.cc(281)] could not read dos header from C:\Windows\syswow64\USERENV.dll
[0804/171138:ERROR:process_reader_win.cc(233)] ReadMemory at 0x73a00000 of 64 bytes failed: Only part of a ReadProcessMemory or WriteProcessMemory request was completed. (0x12B)
[0804/171138:WARNING:pe_image_reader.cc(281)] could not read dos header from C:\Windows\system32\WTSAPI32.dll
[0804/171138:ERROR:process_reader_win.cc(233)] ReadMemory at 0x740d0000 of 64 bytes failed: Only part of a ReadProcessMemory or WriteProcessMemory request was completed. (0x12B)
[0804/171138:WARNING:pe_image_reader.cc(281)] could not read dos header from C:\Windows\system32\webio.dll
[0804/171138:ERROR:process_reader_win.cc(233)] ReadMemory at 0x744c0000 of 64 bytes failed: Only part of a ReadProcessMemory or WriteProcessMemory request was completed. (0x12B)
[0804/171138:WARNING:pe_image_reader.cc(281)] could not read dos header from C:\Windows\system32\WINHTTP.dll
[0804/171138:ERROR:process_reader_win.cc(233)] ReadMemory at 0x74a80000 of 64 bytes failed: Only part of a ReadProcessMemory or WriteProcessMemory request was completed. (0x12B)
[0804/171138:WARNING:pe_image_reader.cc(281)] could not read dos header from C:\Windows\system32\api-ms-win-core-synch-l1-2-0.DLL
[0804/171138:ERROR:process_reader_win.cc(233)] ReadMemory at 0x75300000 of 64 bytes failed: Only part of a ReadProcessMemory or WriteProcessMemory request was completed. (0x12B)
[0804/171138:WARNING:pe_image_reader.cc(281)] could not read dos header from C:\Windows\syswow64\MSCTF.dll
[0804/171138:ERROR:process_reader_win.cc(233)] ReadMemory at 0x755c0000 of 64 bytes failed: Only part of a ReadProcessMemory or WriteProcessMemory request was completed. (0x12B)
[0804/171138:WARNING:pe_image_reader.cc(281)] could not read dos header from C:\Windows\system32\IMM32.DLL
[0804/171138:ERROR:process_reader_win.cc(233)] ReadMemory at 0x763f0000 of 64 bytes failed: Only part of a ReadProcessMemory or WriteProcessMemory request was completed. (0x12B)
[0804/171138:WARNING:pe_image_reader.cc(281)] could not read dos header from C:\Windows\syswow64\SHLWAPI.dll
[0804/171138:ERROR:process_reader_win.cc(233)] ReadMemory at 0x76930000 of 64 bytes failed: Only part of a ReadProcessMemory or WriteProcessMemory request was completed. (0x12B)
[0804/171138:WARNING:pe_image_reader.cc(281)] could not read dos header from C:\Windows\syswow64\SHELL32.dll
[0804/171138:ERROR:process_reader_win.cc(233)] ReadMemory at 0x762c0000 of 64 bytes failed: Only part of a ReadProcessMemory or WriteProcessMemory request was completed. (0x12B)
[0804/171138:WARNING:pe_image_reader.cc(281)] could not read dos header from C:\Windows\syswow64\PSAPI.DLL
[0804/171138:ERROR:process_reader_win.cc(233)] ReadMemory at 0x75160000 of 64 bytes failed: Only part of a ReadProcessMemory or WriteProcessMemory request was completed. (0x12B)
[0804/171138:WARNING:pe_image_reader.cc(281)] could not read dos header from C:\Windows\system32\WINSPOOL.DRV
[0804/171138:ERROR:process_reader_win.cc(233)] ReadMemory at 0x73830000 of 64 bytes failed: Only part of a ReadProcessMemory or WriteProcessMemory request was completed. (0x12B)
[0804/171138:WARNING:pe_image_reader.cc(281)] could not read dos header from C:\Windows\WinSxS\x86_microsoft.windows.common-controls_6595b64144ccf1df_6.0.7601.18837_none_41e855142bd5705d\COMCTL32.dll
[0804/171138:ERROR:process_reader_win.cc(233)] ReadMemory at 0x76470000 of 64 bytes failed: Only part of a ReadProcessMemory or WriteProcessMemory request was completed. (0x12B)
[0804/171138:WARNING:pe_image_reader.cc(281)] could not read dos header from C:\Windows\syswow64\COMDLG32.dll
[0804/171138:ERROR:process_reader_win.cc(233)] ReadMemory at 0x75f80000 of 64 bytes failed: Only part of a ReadProcessMemory or WriteProcessMemory request was completed. (0x12B)
[0804/171138:WARNING:pe_image_reader.cc(281)] could not read dos header from C:\Windows\syswow64\ole32.dll
[0804/171138:ERROR:process_reader_win.cc(233)] ReadMemory at 0x761a0000 of 64 bytes failed: Only part of a ReadProcessMemory or WriteProcessMemory request was completed. (0x12B)
[0804/171138:WARNING:pe_image_reader.cc(281)] could not read dos header from C:\Windows\syswow64\OLEAUT32.dll
[0804/171138:ERROR:process_reader_win.cc(233)] ReadMemory at 0x76920000 of 64 bytes failed: Only part of a ReadProcessMemory or WriteProcessMemory request was completed. (0x12B)
[0804/171138:WARNING:pe_image_reader.cc(281)] could not read dos header from C:\Windows\syswow64\NSI.dll
[0804/171138:ERROR:process_reader_win.cc(233)] ReadMemory at 0x75150000 of 64 bytes failed: Only part of a ReadProcessMemory or WriteProcessMemory request was completed. (0x12B)
[0804/171138:WARNING:pe_image_reader.cc(281)] could not read dos header from C:\Windows\system32\WINNSI.DLL
[0804/171138:ERROR:process_reader_win.cc(233)] ReadMemory at 0x73bb0000 of 64 bytes failed: Only part of a ReadProcessMemory or WriteProcessMemory request was completed. (0x12B)
[0804/171138:WARNING:pe_image_reader.cc(281)] could not read dos header from C:\Windows\system32\IPHLPAPI.DLL
[0804/171138:ERROR:process_reader_win.cc(233)] ReadMemory at 0x765f0000 of 64 bytes failed: Only part of a ReadProcessMemory or WriteProcessMemory request was completed. (0x12B)
[0804/171138:WARNING:pe_image_reader.cc(281)] could not read dos header from C:\Windows\syswow64\WS2_32.dll
[0804/171138:ERROR:process_reader_win.cc(233)] ReadMemory at 0x76590000 of 64 bytes failed: Only part of a ReadProcessMemory or WriteProcessMemory request was completed. (0x12B)
[0804/171138:WARNING:pe_image_reader.cc(281)] could not read dos header from C:\Windows\syswow64\MSASN1.dll
[0804/171138:ERROR:process_reader_win.cc(233)] ReadMemory at 0x75e10000 of 64 bytes failed: Only part of a ReadProcessMemory or WriteProcessMemory request was completed. (0x12B)
[0804/171138:WARNING:pe_image_reader.cc(281)] could not read dos header from C:\Windows\syswow64\CRYPT32.dll
[0804/171138:ERROR:process_reader_win.cc(233)] ReadMemory at 0x763c0000 of 64 bytes failed: Only part of a ReadProcessMemory or WriteProcessMemory request was completed. (0x12B)
[0804/171138:WARNING:pe_image_reader.cc(281)] could not read dos header from C:\Windows\syswow64\WINTRUST.dll
[0804/171138:ERROR:process_reader_win.cc(233)] ReadMemory at 0x74a30000 of 64 bytes failed: Only part of a ReadProcessMemory or WriteProcessMemory request was completed. (0x12B)
[0804/171138:WARNING:pe_image_reader.cc(281)] could not read dos header from C:\Windows\system32\Secur32.dll
[0804/171138:ERROR:process_reader_win.cc(233)] ReadMemory at 0x61540000 of 64 bytes failed: Only part of a ReadProcessMemory or WriteProcessMemory request was completed. (0x12B)
[0804/171138:WARNING:pe_image_reader.cc(281)] could not read dos header from C:\Program Files (x86)\Google\Chrome\Application\52.0.2743.116\chrome_child.dll
[0804/171138:ERROR:process_reader_win.cc(233)] ReadMemory at 0x68e90000 of 64 bytes failed: Only part of a ReadProcessMemory or WriteProcessMemory request was completed. (0x12B)
[0804/171138:WARNING:pe_image_reader.cc(281)] could not read dos header from C:\Windows\system32\dwrite.dll
[0804/171138:ERROR:process_reader_win.cc(99)] process 7392 not found
[0804/171138:ERROR:process_reader_win.cc(233)] ReadMemory at 0x10c0000 of 64 bytes failed: Only part of a ReadProcessMemory or WriteProcessMemory request was completed. (0x12B)
[0804/171138:WARNING:pe_image_reader.cc(281)] could not read dos header from C:\Program Files (x86)\Google\Chrome\Application\chrome.exe
[0804/171138:ERROR:process_reader_win.cc(233)] ReadMemory at 0x77980000 of 64 bytes failed: Only part of a ReadProcessMemory or WriteProcessMemory request was completed. (0x12B)
[0804/171138:WARNING:pe_image_reader.cc(281)] could not read dos header from C:\Windows\SysWOW64\ntdll.dll
[0804/171138:ERROR:process_reader_win.cc(233)] ReadMemory at 0x765a0000 of 64 bytes failed: Only part of a ReadProcessMemory or WriteProcessMemory request was completed. (0x12B)
[0804/171138:WARNING:pe_image_reader.cc(281)] could not read dos header from C:\Windows\syswow64\KERNELBASE.dll
[0804/171138:ERROR:process_reader_win.cc(233)] ReadMemory at 0x754a0000 of 64 bytes failed: Only part of a ReadProcessMemory or WriteProcessMemory request was completed. (0x12B)
[0804/171138:WARNING:pe_image_reader.cc(281)] could not read dos header from C:\Windows\syswow64\kernel32.dll
[0804/171138:ERROR:process_reader_win.cc(233)] ReadMemory at 0x76870000 of 64 bytes failed: Only part of a ReadProcessMemory or WriteProcessMemory request was completed. (0x12B)
[0804/171138:WARNING:pe_image_reader.cc(281)] could not read dos header from C:\Windows\syswow64\msvcrt.dll
[0804/171138:ERROR:process_reader_win.cc(233)] ReadMemory at 0x75280000 of 64 bytes failed: Only part of a ReadProcessMemory or WriteProcessMemory request was completed. (0x12B)
[0804/171138:WARNING:pe_image_reader.cc(281)] could not read dos header from C:\Windows\syswow64\CRYPTBASE.dll
[0804/171138:ERROR:process_reader_win.cc(233)] ReadMemory at 0x75290000 of 64 bytes failed: Only part of a ReadProcessMemory or WriteProcessMemory request was completed. (0x12B)
[0804/171138:WARNING:pe_image_reader.cc(281)] could not read dos header from C:\Windows\syswow64\SspiCli.dll
[0804/171138:ERROR:process_reader_win.cc(233)] ReadMemory at 0x762d0000 of 64 bytes failed: Only part of a ReadProcessMemory or WriteProcessMemory request was completed. (0x12B)
[0804/171138:WARNING:pe_image_reader.cc(281)] could not read dos header from C:\Windows\syswow64\RPCRT4.dll
[0804/171138:ERROR:process_reader_win.cc(233)] ReadMemory at 0x760e0000 of 64 bytes failed: Only part of a ReadProcessMemory or WriteProcessMemory request was completed. (0x12B)
[0804/171138:WARNING:pe_image_reader.cc(281)] could not read dos header from C:\Windows\SysWOW64\sechost.dll
[0804/171138:ERROR:process_reader_win.cc(233)] ReadMemory at 0x753e0000 of 64 bytes failed: Only part of a ReadProcessMemory or WriteProcessMemory request was completed. (0x12B)
[0804/171138:WARNING:pe_image_reader.cc(281)] could not read dos header from C:\Windows\syswow64\ADVAPI32.dll
[0804/171138:ERROR:process_reader_win.cc(233)] ReadMemory at 0x724e0000 of 64 bytes failed: Only part of a ReadProcessMemory or WriteProcessMemory request was completed. (0x12B)
[0804/171138:WARNING:pe_image_reader.cc(281)] could not read dos header from C:\Program Files (x86)\Google\Chrome\Application\52.0.2743.116\chrome_elf.dll
[0804/171138:ERROR:process_reader_win.cc(233)] ReadMemory at 0x73b40000 of 64 bytes failed: Only part of a ReadProcessMemory or WriteProcessMemory request was completed. (0x12B)
[0804/171138:WARNING:pe_image_reader.cc(281)] could not read dos header from C:\Windows\system32\VERSION.dll
[0804/171138:ERROR:process_reader_win.cc(233)] ReadMemory at 0x764f0000 of 64 bytes failed: Only part of a ReadProcessMemory or WriteProcessMemory request was completed. (0x12B)
[0804/171138:WARNING:pe_image_reader.cc(281)] could not read dos header from C:\Windows\syswow64\USP10.dll
[0804/171138:ERROR:process_reader_win.cc(233)] ReadMemory at 0x753d0000 of 64 bytes failed: Only part of a ReadProcessMemory or WriteProcessMemory request was completed. (0x12B)
[0804/171138:WARNING:pe_image_reader.cc(281)] could not read dos header from C:\Windows\syswow64\LPK.dll
[0804/171138:ERROR:process_reader_win.cc(233)] ReadMemory at 0x76230000 of 64 bytes failed: Only part of a ReadProcessMemory or WriteProcessMemory request was completed. (0x12B)
[0804/171138:WARNING:pe_image_reader.cc(281)] could not read dos header from C:\Windows\syswow64\GDI32.dll
[0804/171138:ERROR:process_reader_win.cc(233)] ReadMemory at 0x75b20000 of 64 bytes failed: Only part of a ReadProcessMemory or WriteProcessMemory request was completed. (0x12B)
[0804/171138:WARNING:pe_image_reader.cc(281)] could not read dos header from C:\Windows\syswow64\USER32.dll
[0804/171138:ERROR:process_reader_win.cc(233)] ReadMemory at 0x73570000 of 64 bytes failed: Only part of a ReadProcessMemory or WriteProcessMemory request was completed. (0x12B)
[0804/171138:WARNING:pe_image_reader.cc(281)] could not read dos header from C:\Windows\system32\WINMM.dll
[0804/171138:ERROR:process_reader_win.cc(233)] ReadMemory at 0x755b0000 of 64 bytes failed: Only part of a ReadProcessMemory or WriteProcessMemory request was completed. (0x12B)
[0804/171138:WARNING:pe_image_reader.cc(281)] could not read dos header from C:\Windows\syswow64\profapi.dll
[0804/171138:ERROR:process_reader_win.cc(233)] ReadMemory at 0x76450000 of 64 bytes failed: Only part of a ReadProcessMemory or WriteProcessMemory request was completed. (0x12B)
[0804/171138:WARNING:pe_image_reader.cc(281)] could not read dos header from C:\Windows\syswow64\USERENV.dll
[0804/171138:ERROR:process_reader_win.cc(233)] ReadMemory at 0x73a00000 of 64 bytes failed: Only part of a ReadProcessMemory or WriteProcessMemory request was completed. (0x12B)
[0804/171138:WARNING:pe_image_reader.cc(281)] could not read dos header from C:\Windows\system32\WTSAPI32.dll
[0804/171138:ERROR:process_reader_win.cc(233)] ReadMemory at 0x740d0000 of 64 bytes failed: Only part of a ReadProcessMemory or WriteProcessMemory request was completed. (0x12B)
[0804/171138:WARNING:pe_image_reader.cc(281)] could not read dos header from C:\Windows\system32\webio.dll
[0804/171138:ERROR:process_reader_win.cc(233)] ReadMemory at 0x744c0000 of 64 bytes failed: Only part of a ReadProcessMemory or WriteProcessMemory request was completed. (0x12B)
[0804/171138:WARNING:pe_image_reader.cc(281)] could not read dos header from C:\Windows\system32\WINHTTP.dll
[0804/171138:ERROR:process_reader_win.cc(233)] ReadMemory at 0x74a80000 of 64 bytes failed: Only part of a ReadProcessMemory or WriteProcessMemory request was completed. (0x12B)
[0804/171138:WARNING:pe_image_reader.cc(281)] could not read dos header from C:\Windows\system32\api-ms-win-core-synch-l1-2-0.DLL
[0804/171138:ERROR:process_reader_win.cc(233)] ReadMemory at 0x75300000 of 64 bytes failed: Only part of a ReadProcessMemory or WriteProcessMemory request was completed. (0x12B)
[0804/171138:WARNING:pe_image_reader.cc(281)] could not read dos header from C:\Windows\syswow64\MSCTF.dll
[0804/171138:ERROR:process_reader_win.cc(233)] ReadMemory at 0x755c0000 of 64 bytes failed: Only part of a ReadProcessMemory or WriteProcessMemory request was completed. (0x12B)
[0804/171138:WARNING:pe_image_reader.cc(281)] could not read dos header from C:\Windows\system32\IMM32.DLL
[0804/171138:ERROR:process_reader_win.cc(233)] ReadMemory at 0x763f0000 of 64 bytes failed: Only part of a ReadProcessMemory or WriteProcessMemory request was completed. (0x12B)
[0804/171138:WARNING:pe_image_reader.cc(281)] could not read dos header from C:\Windows\syswow64\SHLWAPI.dll
[0804/171138:ERROR:process_reader_win.cc(233)] ReadMemory at 0x76930000 of 64 bytes failed: Only part of a ReadProcessMemory or WriteProcessMemory request was completed. (0x12B)
[0804/171138:WARNING:pe_image_reader.cc(281)] could not read dos header from C:\Windows\syswow64\SHELL32.dll
[0804/171138:ERROR:process_reader_win.cc(233)] ReadMemory at 0x762c0000 of 64 bytes failed: Only part of a ReadProcessMemory or WriteProcessMemory request was completed. (0x12B)
[0804/171138:WARNING:pe_image_reader.cc(281)] could not read dos header from C:\Windows\syswow64\PSAPI.DLL
[0804/171138:ERROR:process_reader_win.cc(233)] ReadMemory at 0x75160000 of 64 bytes failed: Only part of a ReadProcessMemory or WriteProcessMemory request was completed. (0x12B)
[0804/171138:WARNING:pe_image_reader.cc(281)] could not read dos header from C:\Windows\system32\WINSPOOL.DRV
[0804/171138:ERROR:process_reader_win.cc(233)] ReadMemory at 0x73830000 of 64 bytes failed: Only part of a ReadProcessMemory or WriteProcessMemory request was completed. (0x12B)
[0804/171138:WARNING:pe_image_reader.cc(281)] could not read dos header from C:\Windows\WinSxS\x86_microsoft.windows.common-controls_6595b64144ccf1df_6.0.7601.18837_none_41e855142bd5705d\COMCTL32.dll
[0804/171138:ERROR:process_reader_win.cc(233)] ReadMemory at 0x76470000 of 64 bytes failed: Only part of a ReadProcessMemory or WriteProcessMemory request was completed. (0x12B)
[0804/171138:WARNING:pe_image_reader.cc(281)] could not read dos header from C:\Windows\syswow64\COMDLG32.dll
[0804/171138:ERROR:process_reader_win.cc(233)] ReadMemory at 0x75f80000 of 64 bytes failed: Only part of a ReadProcessMemory or WriteProcessMemory request was completed. (0x12B)
[0804/171138:WARNING:pe_image_reader.cc(281)] could not read dos header from C:\Windows\syswow64\ole32.dll
[0804/171138:ERROR:process_reader_win.cc(233)] ReadMemory at 0x761a0000 of 64 bytes failed: Only part of a ReadProcessMemory or WriteProcessMemory request was completed. (0x12B)
[0804/171138:WARNING:pe_image_reader.cc(281)] could not read dos header from C:\Windows\syswow64\OLEAUT32.dll
[0804/171138:ERROR:process_reader_win.cc(233)] ReadMemory at 0x76920000 of 64 bytes failed: Only part of a ReadProcessMemory or WriteProcessMemory request was completed. (0x12B)
[0804/171138:WARNING:pe_image_reader.cc(281)] could not read dos header from C:\Windows\syswow64\NSI.dll
[0804/171138:ERROR:process_reader_win.cc(233)] ReadMemory at 0x75150000 of 64 bytes failed: Only part of a ReadProcessMemory or WriteProcessMemory request was completed. (0x12B)
[0804/171138:WARNING:pe_image_reader.cc(281)] could not read dos header from C:\Windows\system32\WINNSI.DLL
[0804/171138:ERROR:process_reader_win.cc(233)] ReadMemory at 0x73bb0000 of 64 bytes failed: Only part of a ReadProcessMemory or WriteProcessMemory request was completed. (0x12B)
[0804/171138:WARNING:pe_image_reader.cc(281)] could not read dos header from C:\Windows\system32\IPHLPAPI.DLL
[0804/171138:ERROR:process_reader_win.cc(233)] ReadMemory at 0x765f0000 of 64 bytes failed: Only part of a ReadProcessMemory or WriteProcessMemory request was completed. (0x12B)
[0804/171138:WARNING:pe_image_reader.cc(281)] could not read dos header from C:\Windows\syswow64\WS2_32.dll
[0804/171138:ERROR:process_reader_win.cc(233)] ReadMemory at 0x76590000 of 64 bytes failed: Only part of a ReadProcessMemory or WriteProcessMemory request was completed. (0x12B)
[0804/171138:WARNING:pe_image_reader.cc(281)] could not read dos header from C:\Windows\syswow64\MSASN1.dll
[0804/171138:ERROR:process_reader_win.cc(233)] ReadMemory at 0x75e10000 of 64 bytes failed: Only part of a ReadProcessMemory or WriteProcessMemory request was completed. (0x12B)
[0804/171138:WARNING:pe_image_reader.cc(281)] could not read dos header from C:\Windows\syswow64\CRYPT32.dll
[0804/171138:ERROR:process_reader_win.cc(233)] ReadMemory at 0x763c0000 of 64 bytes failed: Only part of a ReadProcessMemory or WriteProcessMemory request was completed. (0x12B)
[0804/171138:WARNING:pe_image_reader.cc(281)] could not read dos header from C:\Windows\syswow64\WINTRUST.dll
[0804/171138:ERROR:process_reader_win.cc(233)] ReadMemory at 0x74a30000 of 64 bytes failed: Only part of a ReadProcessMemory or WriteProcessMemory request was completed. (0x12B)
[0804/171138:WARNING:pe_image_reader.cc(281)] could not read dos header from C:\Windows\system32\Secur32.dll
[0804/171138:ERROR:process_reader_win.cc(233)] ReadMemory at 0x61540000 of 64 bytes failed: Only part of a ReadProcessMemory or WriteProcessMemory request was completed. (0x12B)
[0804/171138:WARNING:pe_image_reader.cc(281)] could not read dos header from C:\Program Files (x86)\Google\Chrome\Application\52.0.2743.116\chrome_child.dll
[0804/171138:ERROR:process_reader_win.cc(233)] ReadMemory at 0x68e90000 of 64 bytes failed: Only part of a ReadProcessMemory or WriteProcessMemory request was completed. (0x12B)
[0804/171138:WARNING:pe_image_reader.cc(281)] could not read dos header from C:\Windows\system32\dwrite.dll
[0804/171138:ERROR:process_reader_win.cc(233)] ReadMemory at 0x117fbc4 of 12 bytes failed: Only part of a ReadProcessMemory or WriteProcessMemory request was completed. (0x12B)
[0804/171138:WARNING:process_snapshot_win.cc(104)] ReadMemory ExceptionInformation failed
[0804/171138:WARNING:crash_report_exception_handler.cc(60)] ProcessSnapshotWin::InitializeException failed
[0804/171138:ERROR:scoped_process_suspend.cc(38)] NtResumeProcess, ntstatus=-1073741558
